#
# There is insufficient memory for the Java Runtime Environment to continue.
# Native memory allocation (malloc) failed to allocate 1223856 bytes. Error detail: Chunk::new
# Possible reasons:
#   The system is out of physical RAM or swap space
#   This process is running with CompressedOops enabled, and the Java Heap may be blocking the growth of the native heap
# Possible solutions:
#   Reduce memory load on the system
#   Increase physical memory or swap space
#   Check if swap backing store is full
#   Decrease Java heap size (-Xmx/-Xms)
#   Decrease number of Java threads
#   Decrease Java thread stack sizes (-Xss)
#   Set larger code cache with -XX:ReservedCodeCacheSize=
#   JVM is running with Zero Based Compressed Oops mode in which the Java heap is
#     placed in the first 32GB address space. The Java Heap base address is the
#     maximum limit for the native heap growth. Please use -XX:HeapBaseMinAddress
#     to set the Java Heap base and to place the Java Heap above 32GB virtual address.
# This output file may be truncated or incomplete.
#
#  Out of Memory Error (arena.cpp:168), pid=13464, tid=880
#
# JRE version: OpenJDK Runtime Environment JBR-21.0.3+13-509.11-jcef (21.0.3+13) (build 21.0.3+13-b509.11)
# Java VM: OpenJDK 64-Bit Server VM JBR-21.0.3+13-509.11-jcef (21.0.3+13-b509.11, mixed mode, tiered, compressed oops, compressed class ptrs, g1 gc, windows-amd64)
# No core dump will be written. Minidumps are not enabled by default on client versions of Windows
#

---------------  S U M M A R Y ------------

Command Line: git4idea.http.GitAskPassApp Username for 'https://github.com': 

Host: AMD Ryzen 5 3500U with Radeon Vega Mobile Gfx  , 8 cores, 9G,  Windows 11 , 64 bit Build 22621 (10.0.22621.3958)
Time: Wed Oct 23 22:55:28 2024 Hora est. Pacífico, Sudamérica elapsed time: 1.025566 seconds (0d 0h 0m 1s)

---------------  T H R E A D  ---------------

Current thread (0x0000026b64435110):  JavaThread "C2 CompilerThread1" daemon [_thread_in_native, id=880, stack(0x000000ecd6a00000,0x000000ecd6b00000) (1024K)]


Current CompileTask:
C2:   1025 1057       4       sun.security.ec.ECOperations::setDouble (463 bytes)

Stack: [0x000000ecd6a00000,0x000000ecd6b00000]
Native frames: (J=compiled Java code, j=interpreted, Vv=VM code, C=native code)
V  [jvm.dll+0x6e02f9]
V  [jvm.dll+0x8bd383]
V  [jvm.dll+0x8bf8de]
V  [jvm.dll+0x8bffc3]
V  [jvm.dll+0x2879c6]
V  [jvm.dll+0xc60ad]
V  [jvm.dll+0xc65e3]
V  [jvm.dll+0x3bffe1]
V  [jvm.dll+0x38c777]
V  [jvm.dll+0x38bbea]
V  [jvm.dll+0x24f3d2]
V  [jvm.dll+0x24e9a1]
V  [jvm.dll+0x1cd034]
V  [jvm.dll+0x25e13c]
V  [jvm.dll+0x25c616]
V  [jvm.dll+0x3fb056]
V  [jvm.dll+0x865338]
V  [jvm.dll+0x6deb3d]
C  [ucrtbase.dll+0x29333]
C  [KERNEL32.DLL+0x1257d]
C  [ntdll.dll+0x5af08]


---------------  P R O C E S S  ---------------

Threads class SMR info:
_java_thread_list=0x0000026b6439c7c0, length=16, elements={
0x0000026b464df740, 0x0000026b5f5ea080, 0x0000026b5f5ecea0, 0x0000026b5f608f60,
0x0000026b5f6099c0, 0x0000026b5f6132d0, 0x0000026b5f61e950, 0x0000026b5f623140,
0x0000026b5f623d10, 0x0000026b5f6f8a40, 0x0000026b5f6f7000, 0x0000026b5f6f90d0,
0x0000026b5f6f9760, 0x0000026b5f6f62e0, 0x0000026b64435110, 0x0000026b64438250
}

Java Threads: ( => current thread )
  0x0000026b464df740 JavaThread "main"                              [_thread_blocked, id=12544, stack(0x000000ecd5400000,0x000000ecd5500000) (1024K)]
  0x0000026b5f5ea080 JavaThread "Reference Handler"          daemon [_thread_blocked, id=22560, stack(0x000000ecd5c00000,0x000000ecd5d00000) (1024K)]
  0x0000026b5f5ecea0 JavaThread "Finalizer"                  daemon [_thread_blocked, id=17136, stack(0x000000ecd5d00000,0x000000ecd5e00000) (1024K)]
  0x0000026b5f608f60 JavaThread "Signal Dispatcher"          daemon [_thread_blocked, id=12276, stack(0x000000ecd5e00000,0x000000ecd5f00000) (1024K)]
  0x0000026b5f6099c0 JavaThread "Attach Listener"            daemon [_thread_blocked, id=21508, stack(0x000000ecd5f00000,0x000000ecd6000000) (1024K)]
  0x0000026b5f6132d0 JavaThread "Service Thread"             daemon [_thread_blocked, id=25552, stack(0x000000ecd6000000,0x000000ecd6100000) (1024K)]
  0x0000026b5f61e950 JavaThread "Monitor Deflation Thread"   daemon [_thread_blocked, id=15992, stack(0x000000ecd6100000,0x000000ecd6200000) (1024K)]
  0x0000026b5f623140 JavaThread "C2 CompilerThread0"         daemon [_thread_blocked, id=21396, stack(0x000000ecd6200000,0x000000ecd6300000) (1024K)]
  0x0000026b5f623d10 JavaThread "C1 CompilerThread0"         daemon [_thread_blocked, id=14920, stack(0x000000ecd6300000,0x000000ecd6400000) (1024K)]
  0x0000026b5f6f8a40 JavaThread "Notification Thread"        daemon [_thread_blocked, id=22640, stack(0x000000ecd6400000,0x000000ecd6500000) (1024K)]
  0x0000026b5f6f7000 JavaThread "Common-Cleaner"             daemon [_thread_blocked, id=6188, stack(0x000000ecd6500000,0x000000ecd6600000) (1024K)]
  0x0000026b5f6f90d0 JavaThread "HttpClient-1-SelectorManager" daemon [_thread_in_native, id=24272, stack(0x000000ecd6600000,0x000000ecd6700000) (1024K)]
  0x0000026b5f6f9760 JavaThread "HttpClient-1-Worker-0"      daemon [_thread_blocked, id=23000, stack(0x000000ecd6800000,0x000000ecd6900000) (1024K)]
  0x0000026b5f6f62e0 JavaThread "HttpClient-1-Worker-1"      daemon [_thread_blocked, id=6240, stack(0x000000ecd6900000,0x000000ecd6a00000) (1024K)]
=>0x0000026b64435110 JavaThread "C2 CompilerThread1"         daemon [_thread_in_native, id=880, stack(0x000000ecd6a00000,0x000000ecd6b00000) (1024K)]
  0x0000026b64438250 JavaThread "C2 CompilerThread2"         daemon [_thread_blocked, id=18852, stack(0x000000ecd6b00000,0x000000ecd6c00000) (1024K)]
Total: 16

Other Threads:
  0x0000026b5f351040 VMThread "VM Thread"                           [id=15308, stack(0x000000ecd5b00000,0x000000ecd5c00000) (1024K)]
  0x0000026b5f2b6100 WatcherThread "VM Periodic Task Thread"        [id=11076, stack(0x000000ecd5a00000,0x000000ecd5b00000) (1024K)]
  0x0000026b465214c0 WorkerThread "GC Thread#0"                     [id=6968, stack(0x000000ecd5500000,0x000000ecd5600000) (1024K)]
  0x0000026b4652d570 ConcurrentGCThread "G1 Main Marker"            [id=12536, stack(0x000000ecd5600000,0x000000ecd5700000) (1024K)]
  0x0000026b46530820 WorkerThread "G1 Conc#0"                       [id=14100, stack(0x000000ecd5700000,0x000000ecd5800000) (1024K)]
  0x0000026b5f190090 ConcurrentGCThread "G1 Refine#0"               [id=15872, stack(0x000000ecd5800000,0x000000ecd5900000) (1024K)]
  0x0000026b5f191ab0 ConcurrentGCThread "G1 Service"                [id=20444, stack(0x000000ecd5900000,0x000000ecd5a00000) (1024K)]
Total: 7

Threads with active compile tasks:
C2 CompilerThread1     1061 1057       4       sun.security.ec.ECOperations::setDouble (463 bytes)
Total: 1

VM state: not at safepoint (normal execution)

VM Mutex/Monitor currently owned by a thread: None

Heap address: 0x0000000760e00000, size: 2546 MB, Compressed Oops mode: Zero based, Oop shift amount: 3

CDS archive(s) not mapped
Compressed class space mapped at: 0x0000000800000000-0x0000000840000000, reserved size: 1073741824
Narrow klass base: 0x0000000800000000, Narrow klass shift: 0, Narrow klass range: 0x40000000

GC Precious Log:
 CardTable entry size: 512
 Card Set container configuration: InlinePtr #cards 4 size 8 Array Of Cards #cards 16 size 48 Howl #buckets 8 coarsen threshold 3686 Howl Bitmap #cards 512 size 80 coarsen threshold 460 Card regions per heap region 1 cards per card region 4096
 CPUs: 8 total, 8 available
 Memory: 10182M
 Large Page Support: Disabled
 NUMA Support: Disabled
 Compressed Oops: Enabled (Zero based)
 Heap Region Size: 2M
 Heap Min Capacity: 8M
 Heap Initial Capacity: 160M
 Heap Max Capacity: 2546M
 Pre-touch: Disabled
 Parallel Workers: 8
 Concurrent Workers: 2
 Concurrent Refinement Workers: 8
 Periodic GC: Disabled

Heap:
 garbage-first heap   total 163840K, used 16384K [0x0000000760e00000, 0x0000000800000000)
  region size 2048K, 9 young (18432K), 0 survivors (0K)
 Metaspace       used 18096K, committed 18368K, reserved 1114112K
  class space    used 1808K, committed 1920K, reserved 1048576K

Heap Regions: E=young(eden), S=young(survivor), O=old, HS=humongous(starts), HC=humongous(continues), CS=collection set, F=free, TAMS=top-at-mark-start, PB=parsable bottom
|   0|0x0000000760e00000, 0x0000000760e00000, 0x0000000761000000|  0%| F|  |TAMS 0x0000000760e00000| PB 0x0000000760e00000| Untracked 
|   1|0x0000000761000000, 0x0000000761000000, 0x0000000761200000|  0%| F|  |TAMS 0x0000000761000000| PB 0x0000000761000000| Untracked 
|   2|0x0000000761200000, 0x0000000761200000, 0x0000000761400000|  0%| F|  |TAMS 0x0000000761200000| PB 0x0000000761200000| Untracked 
|   3|0x0000000761400000, 0x0000000761400000, 0x0000000761600000|  0%| F|  |TAMS 0x0000000761400000| PB 0x0000000761400000| Untracked 
|   4|0x0000000761600000, 0x0000000761600000, 0x0000000761800000|  0%| F|  |TAMS 0x0000000761600000| PB 0x0000000761600000| Untracked 
|   5|0x0000000761800000, 0x0000000761800000, 0x0000000761a00000|  0%| F|  |TAMS 0x0000000761800000| PB 0x0000000761800000| Untracked 
|   6|0x0000000761a00000, 0x0000000761a00000, 0x0000000761c00000|  0%| F|  |TAMS 0x0000000761a00000| PB 0x0000000761a00000| Untracked 
|   7|0x0000000761c00000, 0x0000000761c00000, 0x0000000761e00000|  0%| F|  |TAMS 0x0000000761c00000| PB 0x0000000761c00000| Untracked 
|   8|0x0000000761e00000, 0x0000000761e00000, 0x0000000762000000|  0%| F|  |TAMS 0x0000000761e00000| PB 0x0000000761e00000| Untracked 
|   9|0x0000000762000000, 0x0000000762000000, 0x0000000762200000|  0%| F|  |TAMS 0x0000000762000000| PB 0x0000000762000000| Untracked 
|  10|0x0000000762200000, 0x0000000762200000, 0x0000000762400000|  0%| F|  |TAMS 0x0000000762200000| PB 0x0000000762200000| Untracked 
|  11|0x0000000762400000, 0x0000000762400000, 0x0000000762600000|  0%| F|  |TAMS 0x0000000762400000| PB 0x0000000762400000| Untracked 
|  12|0x0000000762600000, 0x0000000762600000, 0x0000000762800000|  0%| F|  |TAMS 0x0000000762600000| PB 0x0000000762600000| Untracked 
|  13|0x0000000762800000, 0x0000000762800000, 0x0000000762a00000|  0%| F|  |TAMS 0x0000000762800000| PB 0x0000000762800000| Untracked 
|  14|0x0000000762a00000, 0x0000000762a00000, 0x0000000762c00000|  0%| F|  |TAMS 0x0000000762a00000| PB 0x0000000762a00000| Untracked 
|  15|0x0000000762c00000, 0x0000000762c00000, 0x0000000762e00000|  0%| F|  |TAMS 0x0000000762c00000| PB 0x0000000762c00000| Untracked 
|  16|0x0000000762e00000, 0x0000000762e00000, 0x0000000763000000|  0%| F|  |TAMS 0x0000000762e00000| PB 0x0000000762e00000| Untracked 
|  17|0x0000000763000000, 0x0000000763000000, 0x0000000763200000|  0%| F|  |TAMS 0x0000000763000000| PB 0x0000000763000000| Untracked 
|  18|0x0000000763200000, 0x0000000763200000, 0x0000000763400000|  0%| F|  |TAMS 0x0000000763200000| PB 0x0000000763200000| Untracked 
|  19|0x0000000763400000, 0x0000000763400000, 0x0000000763600000|  0%| F|  |TAMS 0x0000000763400000| PB 0x0000000763400000| Untracked 
|  20|0x0000000763600000, 0x0000000763600000, 0x0000000763800000|  0%| F|  |TAMS 0x0000000763600000| PB 0x0000000763600000| Untracked 
|  21|0x0000000763800000, 0x0000000763800000, 0x0000000763a00000|  0%| F|  |TAMS 0x0000000763800000| PB 0x0000000763800000| Untracked 
|  22|0x0000000763a00000, 0x0000000763a00000, 0x0000000763c00000|  0%| F|  |TAMS 0x0000000763a00000| PB 0x0000000763a00000| Untracked 
|  23|0x0000000763c00000, 0x0000000763c00000, 0x0000000763e00000|  0%| F|  |TAMS 0x0000000763c00000| PB 0x0000000763c00000| Untracked 
|  24|0x0000000763e00000, 0x0000000763e00000, 0x0000000764000000|  0%| F|  |TAMS 0x0000000763e00000| PB 0x0000000763e00000| Untracked 
|  25|0x0000000764000000, 0x0000000764000000, 0x0000000764200000|  0%| F|  |TAMS 0x0000000764000000| PB 0x0000000764000000| Untracked 
|  26|0x0000000764200000, 0x0000000764200000, 0x0000000764400000|  0%| F|  |TAMS 0x0000000764200000| PB 0x0000000764200000| Untracked 
|  27|0x0000000764400000, 0x0000000764400000, 0x0000000764600000|  0%| F|  |TAMS 0x0000000764400000| PB 0x0000000764400000| Untracked 
|  28|0x0000000764600000, 0x0000000764600000, 0x0000000764800000|  0%| F|  |TAMS 0x0000000764600000| PB 0x0000000764600000| Untracked 
|  29|0x0000000764800000, 0x0000000764800000, 0x0000000764a00000|  0%| F|  |TAMS 0x0000000764800000| PB 0x0000000764800000| Untracked 
|  30|0x0000000764a00000, 0x0000000764a00000, 0x0000000764c00000|  0%| F|  |TAMS 0x0000000764a00000| PB 0x0000000764a00000| Untracked 
|  31|0x0000000764c00000, 0x0000000764c00000, 0x0000000764e00000|  0%| F|  |TAMS 0x0000000764c00000| PB 0x0000000764c00000| Untracked 
|  32|0x0000000764e00000, 0x0000000764e00000, 0x0000000765000000|  0%| F|  |TAMS 0x0000000764e00000| PB 0x0000000764e00000| Untracked 
|  33|0x0000000765000000, 0x0000000765000000, 0x0000000765200000|  0%| F|  |TAMS 0x0000000765000000| PB 0x0000000765000000| Untracked 
|  34|0x0000000765200000, 0x0000000765200000, 0x0000000765400000|  0%| F|  |TAMS 0x0000000765200000| PB 0x0000000765200000| Untracked 
|  35|0x0000000765400000, 0x0000000765400000, 0x0000000765600000|  0%| F|  |TAMS 0x0000000765400000| PB 0x0000000765400000| Untracked 
|  36|0x0000000765600000, 0x0000000765600000, 0x0000000765800000|  0%| F|  |TAMS 0x0000000765600000| PB 0x0000000765600000| Untracked 
|  37|0x0000000765800000, 0x0000000765800000, 0x0000000765a00000|  0%| F|  |TAMS 0x0000000765800000| PB 0x0000000765800000| Untracked 
|  38|0x0000000765a00000, 0x0000000765a00000, 0x0000000765c00000|  0%| F|  |TAMS 0x0000000765a00000| PB 0x0000000765a00000| Untracked 
|  39|0x0000000765c00000, 0x0000000765c00000, 0x0000000765e00000|  0%| F|  |TAMS 0x0000000765c00000| PB 0x0000000765c00000| Untracked 
|  40|0x0000000765e00000, 0x0000000765e00000, 0x0000000766000000|  0%| F|  |TAMS 0x0000000765e00000| PB 0x0000000765e00000| Untracked 
|  41|0x0000000766000000, 0x0000000766000000, 0x0000000766200000|  0%| F|  |TAMS 0x0000000766000000| PB 0x0000000766000000| Untracked 
|  42|0x0000000766200000, 0x0000000766200000, 0x0000000766400000|  0%| F|  |TAMS 0x0000000766200000| PB 0x0000000766200000| Untracked 
|  43|0x0000000766400000, 0x0000000766400000, 0x0000000766600000|  0%| F|  |TAMS 0x0000000766400000| PB 0x0000000766400000| Untracked 
|  44|0x0000000766600000, 0x0000000766600000, 0x0000000766800000|  0%| F|  |TAMS 0x0000000766600000| PB 0x0000000766600000| Untracked 
|  45|0x0000000766800000, 0x0000000766800000, 0x0000000766a00000|  0%| F|  |TAMS 0x0000000766800000| PB 0x0000000766800000| Untracked 
|  46|0x0000000766a00000, 0x0000000766a00000, 0x0000000766c00000|  0%| F|  |TAMS 0x0000000766a00000| PB 0x0000000766a00000| Untracked 
|  47|0x0000000766c00000, 0x0000000766c00000, 0x0000000766e00000|  0%| F|  |TAMS 0x0000000766c00000| PB 0x0000000766c00000| Untracked 
|  48|0x0000000766e00000, 0x0000000766e00000, 0x0000000767000000|  0%| F|  |TAMS 0x0000000766e00000| PB 0x0000000766e00000| Untracked 
|  49|0x0000000767000000, 0x0000000767000000, 0x0000000767200000|  0%| F|  |TAMS 0x0000000767000000| PB 0x0000000767000000| Untracked 
|  50|0x0000000767200000, 0x0000000767200000, 0x0000000767400000|  0%| F|  |TAMS 0x0000000767200000| PB 0x0000000767200000| Untracked 
|  51|0x0000000767400000, 0x0000000767400000, 0x0000000767600000|  0%| F|  |TAMS 0x0000000767400000| PB 0x0000000767400000| Untracked 
|  52|0x0000000767600000, 0x0000000767600000, 0x0000000767800000|  0%| F|  |TAMS 0x0000000767600000| PB 0x0000000767600000| Untracked 
|  53|0x0000000767800000, 0x0000000767800000, 0x0000000767a00000|  0%| F|  |TAMS 0x0000000767800000| PB 0x0000000767800000| Untracked 
|  54|0x0000000767a00000, 0x0000000767a00000, 0x0000000767c00000|  0%| F|  |TAMS 0x0000000767a00000| PB 0x0000000767a00000| Untracked 
|  55|0x0000000767c00000, 0x0000000767c00000, 0x0000000767e00000|  0%| F|  |TAMS 0x0000000767c00000| PB 0x0000000767c00000| Untracked 
|  56|0x0000000767e00000, 0x0000000767e00000, 0x0000000768000000|  0%| F|  |TAMS 0x0000000767e00000| PB 0x0000000767e00000| Untracked 
|  57|0x0000000768000000, 0x0000000768000000, 0x0000000768200000|  0%| F|  |TAMS 0x0000000768000000| PB 0x0000000768000000| Untracked 
|  58|0x0000000768200000, 0x0000000768200000, 0x0000000768400000|  0%| F|  |TAMS 0x0000000768200000| PB 0x0000000768200000| Untracked 
|  59|0x0000000768400000, 0x0000000768400000, 0x0000000768600000|  0%| F|  |TAMS 0x0000000768400000| PB 0x0000000768400000| Untracked 
|  60|0x0000000768600000, 0x0000000768600000, 0x0000000768800000|  0%| F|  |TAMS 0x0000000768600000| PB 0x0000000768600000| Untracked 
|  61|0x0000000768800000, 0x0000000768800000, 0x0000000768a00000|  0%| F|  |TAMS 0x0000000768800000| PB 0x0000000768800000| Untracked 
|  62|0x0000000768a00000, 0x0000000768a00000, 0x0000000768c00000|  0%| F|  |TAMS 0x0000000768a00000| PB 0x0000000768a00000| Untracked 
|  63|0x0000000768c00000, 0x0000000768c00000, 0x0000000768e00000|  0%| F|  |TAMS 0x0000000768c00000| PB 0x0000000768c00000| Untracked 
|  64|0x0000000768e00000, 0x0000000768e00000, 0x0000000769000000|  0%| F|  |TAMS 0x0000000768e00000| PB 0x0000000768e00000| Untracked 
|  65|0x0000000769000000, 0x0000000769000000, 0x0000000769200000|  0%| F|  |TAMS 0x0000000769000000| PB 0x0000000769000000| Untracked 
|  66|0x0000000769200000, 0x0000000769200000, 0x0000000769400000|  0%| F|  |TAMS 0x0000000769200000| PB 0x0000000769200000| Untracked 
|  67|0x0000000769400000, 0x0000000769400000, 0x0000000769600000|  0%| F|  |TAMS 0x0000000769400000| PB 0x0000000769400000| Untracked 
|  68|0x0000000769600000, 0x0000000769600000, 0x0000000769800000|  0%| F|  |TAMS 0x0000000769600000| PB 0x0000000769600000| Untracked 
|  69|0x0000000769800000, 0x0000000769800000, 0x0000000769a00000|  0%| F|  |TAMS 0x0000000769800000| PB 0x0000000769800000| Untracked 
|  70|0x0000000769a00000, 0x0000000769a00000, 0x0000000769c00000|  0%| F|  |TAMS 0x0000000769a00000| PB 0x0000000769a00000| Untracked 
|  71|0x0000000769c00000, 0x0000000769c71258, 0x0000000769e00000| 22%| E|  |TAMS 0x0000000769c00000| PB 0x0000000769c00000| Complete 
|  72|0x0000000769e00000, 0x000000076a000000, 0x000000076a000000|100%| E|CS|TAMS 0x0000000769e00000| PB 0x0000000769e00000| Complete 
|  73|0x000000076a000000, 0x000000076a200000, 0x000000076a200000|100%| E|CS|TAMS 0x000000076a000000| PB 0x000000076a000000| Complete 
|  74|0x000000076a200000, 0x000000076a400000, 0x000000076a400000|100%| E|CS|TAMS 0x000000076a200000| PB 0x000000076a200000| Complete 
|  75|0x000000076a400000, 0x000000076a600000, 0x000000076a600000|100%| E|CS|TAMS 0x000000076a400000| PB 0x000000076a400000| Complete 
|  76|0x000000076a600000, 0x000000076a800000, 0x000000076a800000|100%| E|CS|TAMS 0x000000076a600000| PB 0x000000076a600000| Complete 
|  77|0x000000076a800000, 0x000000076aa00000, 0x000000076aa00000|100%| E|CS|TAMS 0x000000076a800000| PB 0x000000076a800000| Complete 
|  78|0x000000076aa00000, 0x000000076ac00000, 0x000000076ac00000|100%| E|CS|TAMS 0x000000076aa00000| PB 0x000000076aa00000| Complete 
|  79|0x000000076ac00000, 0x000000076ae00000, 0x000000076ae00000|100%| E|CS|TAMS 0x000000076ac00000| PB 0x000000076ac00000| Complete 

Card table byte_map: [0x0000026b59c20000,0x0000026b5a120000] _byte_map_base: 0x0000026b56119000

Marking Bits: (CMBitMap*) 0x0000026b46521bc0
 Bits: [0x0000026b5a120000, 0x0000026b5c8e8000)

Polling page: 0x0000026b44320000

Metaspace:

Usage:
  Non-class:     15.91 MB used.
      Class:      1.77 MB used.
       Both:     17.67 MB used.

Virtual space:
  Non-class space:       64.00 MB reserved,      16.06 MB ( 25%) committed,  1 nodes.
      Class space:        1.00 GB reserved,       1.88 MB ( <1%) committed,  1 nodes.
             Both:        1.06 GB reserved,      17.94 MB (  2%) committed. 

Chunk freelists:
   Non-Class:  15.84 MB
       Class:  14.16 MB
        Both:  30.00 MB

MaxMetaspaceSize: unlimited
CompressedClassSpaceSize: 1.00 GB
Initial GC threshold: 21.00 MB
Current GC threshold: 21.00 MB
CDS: off
 - commit_granule_bytes: 65536.
 - commit_granule_words: 8192.
 - virtual_space_node_default_size: 8388608.
 - enlarge_chunks_in_place: 1.
 - use_allocation_guard: 0.


Internal statistics:

num_allocs_failed_limit: 0.
num_arena_births: 242.
num_arena_deaths: 0.
num_vsnodes_births: 2.
num_vsnodes_deaths: 0.
num_space_committed: 287.
num_space_uncommitted: 0.
num_chunks_returned_to_freelist: 0.
num_chunks_taken_from_freelist: 451.
num_chunk_merges: 0.
num_chunk_splits: 246.
num_chunks_enlarged: 108.
num_inconsistent_stats: 0.

CodeHeap 'non-profiled nmethods': size=120000Kb used=368Kb max_used=368Kb free=119631Kb
 bounds [0x0000026b51ec0000, 0x0000026b52130000, 0x0000026b593f0000]
CodeHeap 'profiled nmethods': size=120000Kb used=1897Kb max_used=1897Kb free=118102Kb
 bounds [0x0000026b4a3f0000, 0x0000026b4a660000, 0x0000026b51920000]
CodeHeap 'non-nmethods': size=5760Kb used=1428Kb max_used=1453Kb free=4331Kb
 bounds [0x0000026b51920000, 0x0000026b51b90000, 0x0000026b51ec0000]
 total_blobs=1666 nmethods=1150 adapters=421
 compilation: enabled
              stopped_count=0, restarted_count=0
 full_count=0

Compilation events (20 events):
Event: 0.963 Thread 0x0000026b5f623d10 1142       3       java.nio.MappedByteBuffer::position (6 bytes)
Event: 0.963 Thread 0x0000026b5f623d10 nmethod 1142 0x0000026b4a5c4b90 code [0x0000026b4a5c4d40, 0x0000026b4a5c4f50]
Event: 0.963 Thread 0x0000026b5f623d10 1143   !   3       java.lang.invoke.MethodHandleNatives::linkMethodHandleConstant (50 bytes)
Event: 0.963 Thread 0x0000026b5f623d10 nmethod 1143 0x0000026b4a5c5090 code [0x0000026b4a5c5260, 0x0000026b4a5c5468]
Event: 0.964 Thread 0x0000026b5f623d10 1144       3       java.lang.invoke.MethodHandles$Lookup::linkMethodHandleConstant (223 bytes)
Event: 0.965 Thread 0x0000026b5f623d10 nmethod 1144 0x0000026b4a5c5610 code [0x0000026b4a5c5a00, 0x0000026b4a5c72b8]
Event: 0.966 Thread 0x0000026b5f623d10 1145   !   3       jdk.internal.misc.ScopedMemoryAccess::copyMemory (27 bytes)
Event: 0.967 Thread 0x0000026b5f623d10 nmethod 1145 0x0000026b4a5c7a90 code [0x0000026b4a5c7ca0, 0x0000026b4a5c82c8]
Event: 0.967 Thread 0x0000026b5f623d10 1146   !   3       jdk.internal.misc.ScopedMemoryAccess::copyMemoryInternal (56 bytes)
Event: 0.967 Thread 0x0000026b5f623d10 nmethod 1146 0x0000026b4a5c8690 code [0x0000026b4a5c8880, 0x0000026b4a5c8dc0]
Event: 0.969 Thread 0x0000026b5f623d10 1147       3       java.util.concurrent.locks.ReentrantLock$Sync::tryRelease (51 bytes)
Event: 0.970 Thread 0x0000026b5f623d10 nmethod 1147 0x0000026b4a5c9110 code [0x0000026b4a5c92e0, 0x0000026b4a5c9630]
Event: 0.970 Thread 0x0000026b5f623d10 1149       3       java.nio.MappedByteBuffer::limit (6 bytes)
Event: 0.970 Thread 0x0000026b5f623d10 nmethod 1149 0x0000026b4a5c9710 code [0x0000026b4a5c98c0, 0x0000026b4a5c9ad0]
Event: 0.970 Thread 0x0000026b5f623d10 1150       3       java.util.concurrent.locks.AbstractQueuedSynchronizer::signalNext (34 bytes)
Event: 0.971 Thread 0x0000026b5f623d10 nmethod 1150 0x0000026b4a5c9c10 code [0x0000026b4a5c9e00, 0x0000026b4a5ca2b8]
Event: 0.971 Thread 0x0000026b5f623d10 1148       1       java.util.concurrent.atomic.AtomicInteger::get (5 bytes)
Event: 0.971 Thread 0x0000026b5f623d10 nmethod 1148 0x0000026b51f1bc90 code [0x0000026b51f1be20, 0x0000026b51f1bee8]
Event: 0.972 Thread 0x0000026b5f623d10 1151       1       sun.security.provider.DigestBase::engineGetDigestLength (5 bytes)
Event: 0.972 Thread 0x0000026b5f623d10 nmethod 1151 0x0000026b51f1bf90 code [0x0000026b51f1c120, 0x0000026b51f1c1e8]

GC Heap History (0 events):
No events

Dll operation events (2 events):
Event: 0.012 Loaded shared library C:\Program Files\JetBrains\IntelliJ IDEA 2024.2.1\jbr\bin\java.dll
Event: 0.018 Loaded shared library C:\Program Files\JetBrains\IntelliJ IDEA 2024.2.1\jbr\bin\zip.dll

Deoptimization events (20 events):
Event: 0.884 Thread 0x0000026b5f6f9760 Uncommon trap: trap_request=0xffffff66 fr.pc=0x0000026b51f13764 relative=0x0000000000000304
Event: 0.884 Thread 0x0000026b5f6f9760 Uncommon trap: reason=speculate_class_check action=maybe_recompile pc=0x0000026b51f13764 method=sun.security.util.math.intpoly.IntegerPolynomial.multByInt([JJ)V @ 26 c2
Event: 0.884 Thread 0x0000026b5f6f9760 DEOPT PACKING pc=0x0000026b51f13764 sp=0x000000ecd68fe060
Event: 0.884 Thread 0x0000026b5f6f9760 DEOPT UNPACKING pc=0x0000026b519746a2 sp=0x000000ecd68fdfa0 mode 2
Event: 0.884 Thread 0x0000026b5f6f9760 Uncommon trap: trap_request=0xffffffde fr.pc=0x0000026b51f0ef14 relative=0x0000000000000254
Event: 0.884 Thread 0x0000026b5f6f9760 Uncommon trap: reason=class_check action=maybe_recompile pc=0x0000026b51f0ef14 method=sun.security.util.math.intpoly.IntegerPolynomial.multByInt([JJ)V @ 26 c2
Event: 0.884 Thread 0x0000026b5f6f9760 DEOPT PACKING pc=0x0000026b51f0ef14 sp=0x000000ecd68fdfd0
Event: 0.884 Thread 0x0000026b5f6f9760 DEOPT UNPACKING pc=0x0000026b519746a2 sp=0x000000ecd68fdfa0 mode 2
Event: 0.884 Thread 0x0000026b5f6f9760 Uncommon trap: trap_request=0xffffffde fr.pc=0x0000026b51f0ef14 relative=0x0000000000000254
Event: 0.884 Thread 0x0000026b5f6f9760 Uncommon trap: reason=class_check action=maybe_recompile pc=0x0000026b51f0ef14 method=sun.security.util.math.intpoly.IntegerPolynomial.multByInt([JJ)V @ 26 c2
Event: 0.884 Thread 0x0000026b5f6f9760 DEOPT PACKING pc=0x0000026b51f0ef14 sp=0x000000ecd68fdfd0
Event: 0.884 Thread 0x0000026b5f6f9760 DEOPT UNPACKING pc=0x0000026b519746a2 sp=0x000000ecd68fdfa0 mode 2
Event: 0.884 Thread 0x0000026b5f6f9760 Uncommon trap: trap_request=0xffffffde fr.pc=0x0000026b51f0ef14 relative=0x0000000000000254
Event: 0.884 Thread 0x0000026b5f6f9760 Uncommon trap: reason=class_check action=maybe_recompile pc=0x0000026b51f0ef14 method=sun.security.util.math.intpoly.IntegerPolynomial.multByInt([JJ)V @ 26 c2
Event: 0.884 Thread 0x0000026b5f6f9760 DEOPT PACKING pc=0x0000026b51f0ef14 sp=0x000000ecd68fdfd0
Event: 0.884 Thread 0x0000026b5f6f9760 DEOPT UNPACKING pc=0x0000026b519746a2 sp=0x000000ecd68fdfa0 mode 2
Event: 0.884 Thread 0x0000026b5f6f9760 Uncommon trap: trap_request=0xffffffde fr.pc=0x0000026b51f0ef14 relative=0x0000000000000254
Event: 0.884 Thread 0x0000026b5f6f9760 Uncommon trap: reason=class_check action=maybe_recompile pc=0x0000026b51f0ef14 method=sun.security.util.math.intpoly.IntegerPolynomial.multByInt([JJ)V @ 26 c2
Event: 0.884 Thread 0x0000026b5f6f9760 DEOPT PACKING pc=0x0000026b51f0ef14 sp=0x000000ecd68fdfd0
Event: 0.884 Thread 0x0000026b5f6f9760 DEOPT UNPACKING pc=0x0000026b519746a2 sp=0x000000ecd68fdfa0 mode 2

Classes loaded (20 events):
Event: 0.927 Loading class jdk/internal/event/TLSHandshakeEvent
Event: 0.927 Loading class jdk/internal/event/TLSHandshakeEvent done
Event: 0.927 Loading class com/sun/crypto/provider/GaloisCounterMode$GCMEncrypt
Event: 0.928 Loading class com/sun/crypto/provider/GaloisCounterMode$GCMEncrypt done
Event: 0.928 Loading class com/sun/crypto/provider/GaloisCounterMode$EncryptOp
Event: 0.928 Loading class com/sun/crypto/provider/GaloisCounterMode$EncryptOp done
Event: 0.928 Loading class sun/security/ssl/CipherSuite$1
Event: 0.928 Loading class sun/security/ssl/CipherSuite$1 done
Event: 0.930 Loading class java/util/concurrent/CompletionException
Event: 0.930 Loading class java/util/concurrent/CompletionException done
Event: 0.958 Loading class java/util/Collections$UnmodifiableMap$UnmodifiableEntrySet
Event: 0.958 Loading class java/util/Collections$UnmodifiableMap$UnmodifiableEntrySet done
Event: 0.958 Loading class java/util/Collections$UnmodifiableMap$UnmodifiableEntrySet$1
Event: 0.958 Loading class java/util/Collections$UnmodifiableMap$UnmodifiableEntrySet$1 done
Event: 0.958 Loading class java/util/Collections$UnmodifiableMap$UnmodifiableEntrySet$UnmodifiableEntry
Event: 0.958 Loading class java/util/Collections$UnmodifiableMap$UnmodifiableEntrySet$UnmodifiableEntry done
Event: 0.972 Loading class sun/security/ssl/NewSessionTicket$T13NewSessionTicketMessage
Event: 0.972 Loading class sun/security/ssl/NewSessionTicket$NewSessionTicketMessage
Event: 0.972 Loading class sun/security/ssl/NewSessionTicket$NewSessionTicketMessage done
Event: 0.972 Loading class sun/security/ssl/NewSessionTicket$T13NewSessionTicketMessage done

Classes unloaded (0 events):
No events

Classes redefined (0 events):
No events

Internal exceptions (20 events):
Event: 0.482 Thread 0x0000026b464df740 Exception <a 'java/lang/NoSuchMethodError'{0x000000076a65d4b8}: 'int java.lang.invoke.DirectMethodHandle$Holder.invokeStaticInit(java.lang.Object, long, long)'> (0x000000076a65d4b8) 
thrown [s\src\hotspot\share\interpreter\linkResolver.cpp, line 784]
Event: 0.483 Thread 0x0000026b464df740 Exception <a 'java/lang/NoSuchMethodError'{0x000000076a663dd0}: 'int java.lang.invoke.DirectMethodHandle$Holder.invokeStaticInit(java.lang.Object, float, float)'> (0x000000076a663dd0) 
thrown [s\src\hotspot\share\interpreter\linkResolver.cpp, line 784]
Event: 0.484 Thread 0x0000026b464df740 Exception <a 'java/lang/NoSuchMethodError'{0x000000076a66a6e0}: 'int java.lang.invoke.DirectMethodHandle$Holder.invokeStaticInit(java.lang.Object, double, double)'> (0x000000076a66a6e0) 
thrown [s\src\hotspot\share\interpreter\linkResolver.cpp, line 784]
Event: 0.485 Thread 0x0000026b464df740 Exception <a 'java/lang/NoSuchMethodError'{0x000000076a66ec90}: 'int java.lang.invoke.DirectMethodHandle$Holder.invokeStatic(java.lang.Object, long)'> (0x000000076a66ec90) 
thrown [s\src\hotspot\share\interpreter\linkResolver.cpp, line 784]
Event: 0.493 Thread 0x0000026b464df740 Exception <a 'java/lang/NoSuchMethodError'{0x000000076a69b078}: 'java.lang.Object java.lang.invoke.DelegatingMethodHandle$Holder.delegate(java.lang.Object, int, java.lang.Object, java.lang.Object)'> (0x000000076a69b078) 
thrown [s\src\hotspot\share\interpreter\linkResolver.cpp, line 784]
Event: 0.497 Thread 0x0000026b464df740 Exception <a 'java/lang/NoSuchMethodError'{0x000000076a6aa188}: 'int java.lang.invoke.Invokers$Holder.linkToTargetMethod(java.lang.Object, java.lang.Object, java.lang.Object)'> (0x000000076a6aa188) 
thrown [s\src\hotspot\share\interpreter\linkResolver.cpp, line 784]
Event: 0.503 Thread 0x0000026b464df740 Exception <a 'java/lang/NoSuchMethodError'{0x000000076a6dba30}: 'long java.lang.invoke.DirectMethodHandle$Holder.invokeSpecial(java.lang.Object, java.lang.Object)'> (0x000000076a6dba30) 
thrown [s\src\hotspot\share\interpreter\linkResolver.cpp, line 784]
Event: 0.505 Thread 0x0000026b464df740 Exception <a 'java/lang/NoSuchMethodError'{0x000000076a6e2378}: 'int java.lang.invoke.DirectMethodHandle$Holder.invokeStatic(java.lang.Object, java.lang.Object, java.lang.Object, java.lang.Object)'> (0x000000076a6e2378) 
thrown [s\src\hotspot\share\interpreter\linkResolver.cpp, line 784]
Event: 0.505 Thread 0x0000026b464df740 Exception <a 'java/lang/NoSuchMethodError'{0x000000076a6e5748}: 'java.lang.Object java.lang.invoke.Invokers$Holder.invokeExact_MT(java.lang.Object, java.lang.Object, java.lang.Object, java.lang.Object, java.lang.Object, java.lang.Object)'> (0x000000076a6e5748) 
thrown [s\src\hotspot\share\interpreter\linkResolver.cpp, line 784]
Event: 0.628 Thread 0x0000026b464df740 Exception <a 'java/lang/NoSuchMethodError'{0x000000076a5795b8}: 'java.lang.Object java.lang.invoke.DirectMethodHandle$Holder.newInvokeSpecial(java.lang.Object, java.lang.Object, java.lang.Object, java.lang.Object, java.lang.Object)'> (0x000000076a5795b8) 
thrown [s\src\hotspot\share\interpreter\linkResolver.cpp, line 784]
Event: 0.669 Thread 0x0000026b464df740 Exception <a 'java/lang/NoSuchMethodError'{0x000000076a2f94b8}: 'java.lang.Object java.lang.invoke.DirectMethodHandle$Holder.invokeSpecial(java.lang.Object, java.lang.Object, java.lang.Object, java.lang.Object, int)'> (0x000000076a2f94b8) 
thrown [s\src\hotspot\share\interpreter\linkResolver.cpp, line 784]
Event: 0.670 Thread 0x0000026b464df740 Exception <a 'java/lang/NoSuchMethodError'{0x000000076a2fce00}: 'java.lang.Object java.lang.invoke.Invokers$Holder.linkToTargetMethod(java.lang.Object, java.lang.Object, int, java.lang.Object)'> (0x000000076a2fce00) 
thrown [s\src\hotspot\share\interpreter\linkResolver.cpp, line 784]
Event: 0.678 Thread 0x0000026b464df740 Exception <a 'java/lang/NoSuchMethodError'{0x000000076a32ad58}: 'void java.lang.invoke.DirectMethodHandle$Holder.invokeSpecial(java.lang.Object, java.lang.Object, java.lang.Object)'> (0x000000076a32ad58) 
thrown [s\src\hotspot\share\interpreter\linkResolver.cpp, line 784]
Event: 0.695 Thread 0x0000026b464df740 Exception <a 'java/lang/NoSuchMethodError'{0x000000076a3ab3e0}: 'void java.lang.invoke.DirectMethodHandle$Holder.invokeSpecial(java.lang.Object, java.lang.Object, java.lang.Object, java.lang.Object, java.lang.Object)'> (0x000000076a3ab3e0) 
thrown [s\src\hotspot\share\interpreter\linkResolver.cpp, line 784]
Event: 0.696 Thread 0x0000026b5f6f90d0 Exception <a 'java/lang/NoSuchMethodError'{0x000000076a502758}: 'void java.lang.invoke.DirectMethodHandle$Holder.invokeStatic(java.lang.Object, java.lang.Object, int)'> (0x000000076a502758) 
thrown [s\src\hotspot\share\interpreter\linkResolver.cpp, line 784]
Event: 0.707 Thread 0x0000026b5f6f90d0 Exception <a 'java/lang/NoSuchMethodError'{0x000000076a53b688}: 'void java.lang.invoke.DirectMethodHandle$Holder.invokeStatic(java.lang.Object, java.lang.Object)'> (0x000000076a53b688) 
thrown [s\src\hotspot\share\interpreter\linkResolver.cpp, line 784]
Event: 0.709 Thread 0x0000026b5f6f9760 Exception <a 'java/lang/NoSuchMethodError'{0x000000076a0056d8}: 'void java.lang.invoke.DirectMethodHandle$Holder.invokeInterface(java.lang.Object, java.lang.Object, java.lang.Object)'> (0x000000076a0056d8) 
thrown [s\src\hotspot\share\interpreter\linkResolver.cpp, line 784]
Event: 0.718 Thread 0x0000026b5f6f9760 Exception <a 'java/lang/NoSuchMethodError'{0x000000076a056d70}: 'void java.lang.invoke.DirectMethodHandle$Holder.invokeVirtual(java.lang.Object, java.lang.Object)'> (0x000000076a056d70) 
thrown [s\src\hotspot\share\interpreter\linkResolver.cpp, line 784]
Event: 0.873 Thread 0x0000026b5f6f9760 Exception <a 'java/lang/NoSuchMethodError'{0x0000000769e68d08}: 'void java.lang.invoke.DirectMethodHandle$Holder.invokeInterface(java.lang.Object, java.lang.Object)'> (0x0000000769e68d08) 
thrown [s\src\hotspot\share\interpreter\linkResolver.cpp, line 784]
Event: 0.929 Thread 0x0000026b5f6f9760 Exception <a 'java/lang/NoSuchMethodError'{0x0000000769edefa8}: 'void java.lang.invoke.DirectMethodHandle$Holder.invokeStatic(java.lang.Object, java.lang.Object, java.lang.Object, java.lang.Object)'> (0x0000000769edefa8) 
thrown [s\src\hotspot\share\interpreter\linkResolver.cpp, line 784]

ZGC Phase Switch (0 events):
No events

VM Operations (6 events):
Event: 0.155 Executing VM operation: HandshakeAllThreads (Deoptimize)
Event: 0.155 Executing VM operation: HandshakeAllThreads (Deoptimize) done
Event: 0.168 Executing VM operation: HandshakeAllThreads (Deoptimize)
Event: 0.168 Executing VM operation: HandshakeAllThreads (Deoptimize) done
Event: 0.390 Executing VM operation: HandshakeAllThreads (Deoptimize)
Event: 0.390 Executing VM operation: HandshakeAllThreads (Deoptimize) done

Events (20 events):
Event: 0.072 Thread 0x0000026b5f5ecea0 Thread added: 0x0000026b5f5ecea0
Event: 0.074 Thread 0x0000026b5f608f60 Thread added: 0x0000026b5f608f60
Event: 0.074 Thread 0x0000026b5f6099c0 Thread added: 0x0000026b5f6099c0
Event: 0.074 Thread 0x0000026b5f6132d0 Thread added: 0x0000026b5f6132d0
Event: 0.074 Thread 0x0000026b5f61e950 Thread added: 0x0000026b5f61e950
Event: 0.074 Thread 0x0000026b5f623140 Thread added: 0x0000026b5f623140
Event: 0.074 Thread 0x0000026b5f623d10 Thread added: 0x0000026b5f623d10
Event: 0.117 Thread 0x0000026b5f6f8a40 Thread added: 0x0000026b5f6f8a40
Event: 0.124 Thread 0x0000026b5f6f7000 Thread added: 0x0000026b5f6f7000
Event: 0.133 Loaded shared library C:\Program Files\JetBrains\IntelliJ IDEA 2024.2.1\jbr\bin\net.dll
Event: 0.136 Loaded shared library C:\Program Files\JetBrains\IntelliJ IDEA 2024.2.1\jbr\bin\nio.dll
Event: 0.148 Loaded shared library C:\Program Files\JetBrains\IntelliJ IDEA 2024.2.1\jbr\bin\zip.dll
Event: 0.241 Loaded shared library C:\Program Files\JetBrains\IntelliJ IDEA 2024.2.1\jbr\bin\jimage.dll
Event: 0.553 Loaded shared library C:\Program Files\JetBrains\IntelliJ IDEA 2024.2.1\jbr\bin\sunmscapi.dll
Event: 0.613 Loaded shared library C:\Program Files\JetBrains\IntelliJ IDEA 2024.2.1\jbr\bin\extnet.dll
Event: 0.621 Thread 0x0000026b5f6f90d0 Thread added: 0x0000026b5f6f90d0
Event: 0.706 Thread 0x0000026b5f6f9760 Thread added: 0x0000026b5f6f9760
Event: 0.728 Thread 0x0000026b5f6f62e0 Thread added: 0x0000026b5f6f62e0
Event: 0.793 Thread 0x0000026b64435110 Thread added: 0x0000026b64435110
Event: 0.797 Thread 0x0000026b64438250 Thread added: 0x0000026b64438250


Dynamic libraries:
0x00007ff7176d0000 - 0x00007ff7176da000 	C:\Program Files\JetBrains\IntelliJ IDEA 2024.2.1\jbr\bin\java.exe
0x00007ffb7d830000 - 0x00007ffb7da47000 	C:\WINDOWS\SYSTEM32\ntdll.dll
0x00007ffb7c030000 - 0x00007ffb7c0f4000 	C:\WINDOWS\System32\KERNEL32.DLL
0x00007ffb7ab40000 - 0x00007ffb7aef7000 	C:\WINDOWS\System32\KERNELBASE.dll
0x00007ffb7af00000 - 0x00007ffb7b011000 	C:\WINDOWS\System32\ucrtbase.dll
0x00007ffb557f0000 - 0x00007ffb5580b000 	C:\Program Files\JetBrains\IntelliJ IDEA 2024.2.1\jbr\bin\VCRUNTIME140.dll
0x00007ffb42430000 - 0x00007ffb42448000 	C:\Program Files\JetBrains\IntelliJ IDEA 2024.2.1\jbr\bin\jli.dll
0x00007ffb7be80000 - 0x00007ffb7c02f000 	C:\WINDOWS\System32\USER32.dll
0x00007ffb7b210000 - 0x00007ffb7b236000 	C:\WINDOWS\System32\win32u.dll
0x00007ffb5f3b0000 - 0x00007ffb5f643000 	C:\WINDOWS\WinSxS\amd64_microsoft.windows.common-controls_6595b64144ccf1df_6.0.22621.3672_none_2713b9d173822955\COMCTL32.dll
0x00007ffb7c870000 - 0x00007ffb7c899000 	C:\WINDOWS\System32\GDI32.dll
0x00007ffb7c8e0000 - 0x00007ffb7c987000 	C:\WINDOWS\System32\msvcrt.dll
0x00007ffb7b0f0000 - 0x00007ffb7b208000 	C:\WINDOWS\System32\gdi32full.dll
0x00007ffb7b020000 - 0x00007ffb7b0ba000 	C:\WINDOWS\System32\msvcp_win.dll
0x00007ffb7c8a0000 - 0x00007ffb7c8d1000 	C:\WINDOWS\System32\IMM32.DLL
0x00007ffb57050000 - 0x00007ffb5705c000 	C:\Program Files\JetBrains\IntelliJ IDEA 2024.2.1\jbr\bin\vcruntime140_1.dll
0x00007ffb32260000 - 0x00007ffb322ed000 	C:\Program Files\JetBrains\IntelliJ IDEA 2024.2.1\jbr\bin\msvcp140.dll
0x00007ffae42e0000 - 0x00007ffae5092000 	C:\Program Files\JetBrains\IntelliJ IDEA 2024.2.1\jbr\bin\server\jvm.dll
0x00007ffb7b740000 - 0x00007ffb7b7f2000 	C:\WINDOWS\System32\ADVAPI32.dll
0x00007ffb7cd90000 - 0x00007ffb7ce38000 	C:\WINDOWS\System32\sechost.dll
0x00007ffb7b0c0000 - 0x00007ffb7b0e8000 	C:\WINDOWS\System32\bcrypt.dll
0x00007ffb7ce40000 - 0x00007ffb7cf54000 	C:\WINDOWS\System32\RPCRT4.dll
0x00007ffb7b6c0000 - 0x00007ffb7b731000 	C:\WINDOWS\System32\WS2_32.dll
0x00007ffb7aa10000 - 0x00007ffb7aa5d000 	C:\WINDOWS\SYSTEM32\POWRPROF.dll
0x00007ffb75260000 - 0x00007ffb75294000 	C:\WINDOWS\SYSTEM32\WINMM.dll
0x00007ffb705c0000 - 0x00007ffb705ca000 	C:\WINDOWS\SYSTEM32\VERSION.dll
0x00007ffb7a9f0000 - 0x00007ffb7aa03000 	C:\WINDOWS\SYSTEM32\UMPDC.dll
0x00007ffb79b90000 - 0x00007ffb79ba8000 	C:\WINDOWS\SYSTEM32\kernel.appcore.dll
0x00007ffb557e0000 - 0x00007ffb557ea000 	C:\Program Files\JetBrains\IntelliJ IDEA 2024.2.1\jbr\bin\jimage.dll
0x00007ffb730b0000 - 0x00007ffb732e2000 	C:\WINDOWS\SYSTEM32\DBGHELP.DLL
0x00007ffb7b800000 - 0x00007ffb7bb8e000 	C:\WINDOWS\System32\combase.dll
0x00007ffb7b560000 - 0x00007ffb7b637000 	C:\WINDOWS\System32\OLEAUT32.dll
0x00007ffb5f650000 - 0x00007ffb5f682000 	C:\WINDOWS\SYSTEM32\dbgcore.DLL
0x00007ffb7b4e0000 - 0x00007ffb7b55b000 	C:\WINDOWS\System32\bcryptPrimitives.dll
0x00007ffb557c0000 - 0x00007ffb557df000 	C:\Program Files\JetBrains\IntelliJ IDEA 2024.2.1\jbr\bin\java.dll
0x00007ffb557a0000 - 0x00007ffb557b8000 	C:\Program Files\JetBrains\IntelliJ IDEA 2024.2.1\jbr\bin\zip.dll
0x00007ffb7cf60000 - 0x00007ffb7d7c9000 	C:\WINDOWS\System32\SHELL32.dll
0x00007ffb78ab0000 - 0x00007ffb793af000 	C:\WINDOWS\SYSTEM32\windows.storage.dll
0x00007ffb78970000 - 0x00007ffb78aaf000 	C:\WINDOWS\SYSTEM32\wintypes.dll
0x00007ffb7bc00000 - 0x00007ffb7bcf9000 	C:\WINDOWS\System32\SHCORE.dll
0x00007ffb7bd00000 - 0x00007ffb7bd5e000 	C:\WINDOWS\System32\shlwapi.dll
0x00007ffb7aa70000 - 0x00007ffb7aa97000 	C:\WINDOWS\SYSTEM32\profapi.dll
0x00007ffb55790000 - 0x00007ffb557a0000 	C:\Program Files\JetBrains\IntelliJ IDEA 2024.2.1\jbr\bin\net.dll
0x00007ffb74ca0000 - 0x00007ffb74dd6000 	C:\WINDOWS\SYSTEM32\WINHTTP.dll
0x00007ffb7a000000 - 0x00007ffb7a069000 	C:\WINDOWS\system32\mswsock.dll
0x00007ffb55770000 - 0x00007ffb55786000 	C:\Program Files\JetBrains\IntelliJ IDEA 2024.2.1\jbr\bin\nio.dll
0x00007ffb7a250000 - 0x00007ffb7a26b000 	C:\WINDOWS\SYSTEM32\CRYPTSP.dll
0x00007ffb79af0000 - 0x00007ffb79b25000 	C:\WINDOWS\system32\rsaenh.dll
0x00007ffb7a0f0000 - 0x00007ffb7a118000 	C:\WINDOWS\SYSTEM32\USERENV.dll
0x00007ffb7a270000 - 0x00007ffb7a27c000 	C:\WINDOWS\SYSTEM32\CRYPTBASE.dll
0x00007ffb79610000 - 0x00007ffb7963d000 	C:\WINDOWS\SYSTEM32\IPHLPAPI.DLL
0x00007ffb7c2c0000 - 0x00007ffb7c2c9000 	C:\WINDOWS\System32\NSI.dll
0x00007ffb3cf20000 - 0x00007ffb3cf2e000 	C:\Program Files\JetBrains\IntelliJ IDEA 2024.2.1\jbr\bin\sunmscapi.dll
0x00007ffb7b240000 - 0x00007ffb7b3a6000 	C:\WINDOWS\System32\CRYPT32.dll
0x00007ffb7a410000 - 0x00007ffb7a43d000 	C:\WINDOWS\SYSTEM32\ncrypt.dll
0x00007ffb7a3d0000 - 0x00007ffb7a407000 	C:\WINDOWS\SYSTEM32\NTASN1.dll
0x00007ffb50800000 - 0x00007ffb50808000 	C:\WINDOWS\system32\wshunix.dll
0x00007ffb3cf00000 - 0x00007ffb3cf09000 	C:\Program Files\JetBrains\IntelliJ IDEA 2024.2.1\jbr\bin\extnet.dll

dbghelp: loaded successfully - version: 4.0.5 - missing functions: none
symbol engine: initialized successfully - sym options: 0x614 - pdb path: .;C:\Program Files\JetBrains\IntelliJ IDEA 2024.2.1\jbr\bin;C:\WINDOWS\SYSTEM32;C:\WINDOWS\WinSxS\amd64_microsoft.windows.common-controls_6595b64144ccf1df_6.0.22621.3672_none_2713b9d173822955;C:\Program Files\JetBrains\IntelliJ IDEA 2024.2.1\jbr\bin\server

VM Arguments:
java_command: git4idea.http.GitAskPassApp Username for 'https://github.com': 
java_class_path (initial): C:/Program Files/JetBrains/IntelliJ IDEA 2024.2.1/plugins/vcs-git/lib/git4idea-rt.jar;C:/Program Files/JetBrains/IntelliJ IDEA 2024.2.1/lib/externalProcess-rt.jar
Launcher Type: SUN_STANDARD

[Global flags]
     intx CICompilerCount                          = 4                                         {product} {ergonomic}
     uint ConcGCThreads                            = 2                                         {product} {ergonomic}
     uint G1ConcRefinementThreads                  = 8                                         {product} {ergonomic}
   size_t G1HeapRegionSize                         = 2097152                                   {product} {ergonomic}
    uintx GCDrainStackTargetSize                   = 64                                        {product} {ergonomic}
   size_t InitialHeapSize                          = 167772160                                 {product} {ergonomic}
   size_t MarkStackSize                            = 4194304                                   {product} {ergonomic}
   size_t MaxHeapSize                              = 2669674496                                {product} {ergonomic}
   size_t MaxNewSize                               = 1600126976                                {product} {ergonomic}
   size_t MinHeapDeltaBytes                        = 2097152                                   {product} {ergonomic}
   size_t MinHeapSize                              = 8388608                                   {product} {ergonomic}
    uintx NonNMethodCodeHeapSize                   = 5839372                                {pd product} {ergonomic}
    uintx NonProfiledCodeHeapSize                  = 122909434                              {pd product} {ergonomic}
    uintx ProfiledCodeHeapSize                     = 122909434                              {pd product} {ergonomic}
    uintx ReservedCodeCacheSize                    = 251658240                              {pd product} {ergonomic}
     bool SegmentedCodeCache                       = true                                      {product} {ergonomic}
   size_t SoftMaxHeapSize                          = 2669674496                             {manageable} {ergonomic}
     bool UseCompressedOops                        = true                           {product lp64_product} {ergonomic}
     bool UseG1GC                                  = true                                      {product} {ergonomic}
     bool UseLargePagesIndividualAllocation        = false                                  {pd product} {ergonomic}

Logging:
Log output configuration:
 #0: stdout all=warning uptime,level,tags foldmultilines=false
 #1: stderr all=off uptime,level,tags foldmultilines=false

Environment Variables:
JAVA_HOME=C:\Program Files\Java\jdk-17
CLASSPATH=D:\LINGO64_20\Lingo20.jar;D:\LINGO64_19\Lingo19.jar
PATH=C:\Program Files\Git\mingw64\libexec\git-core;C:\Program Files\Git\mingw64\libexec\git-core;C:\Program Files\Git\mingw64\bin;C:\Program Files\Git\usr\bin;C:\Users\fabri\bin;C:\Program Files\Common Files\Oracle\Java\javapath;C:\Users\fabri\AppData\Local\Programs\Python\Python311\Scripts;C:\Users\fabri\AppData\Local\Programs\Python\Python311;C:\WINDOWS\system32;C:\WINDOWS;C:\WINDOWS\System32\Wbem;C:\WINDOWS\System32\WindowsPowerShell\v1.0;C:\WINDOWS\System32\OpenSSH;C:\Program Files\Java\jdk-18.0.1.1\bin;C:\Program Files\MySQL\MySQL Shell 8.0\bin;C:\ProgramData\chocolatey\bin;C:\Program Files\nodejs;D:\LINGO64_20;D:\LINGO64_19;C:\Program Files\Git\cmd;C:\Dev\flutter_windows_3.22.3-stable\flutter\bin;C:\Users\fabri\AppData\Local\Programs\Python\Python311\Scripts;C:\Users\fabri\AppData\Local\Programs\Python\Python311;C:\Program Files\MySQL\MySQL Shell 8.0\bin;C:\Users\fabri\AppData\Local\Programs\Python\Python310\Scripts;C:\Users\fabri\AppData\Local\Programs\Python\Python310;C:\Users\fabri\AppData\Local\Microsoft\WindowsApps;C:\Users\fabri\AppData\Local\Programs\Microsoft VS Code\bin;C:\Users\fabri\AppData\Roaming\npm;C:\Dev\flutter_windows_3.22.3-stable\flutter\bin
USERNAME=fabri
DISPLAY=:0.0
LC_ALL=en_US.UTF-8
TERM=xterm-256color
TMPDIR=C:\Users\fabri\AppData\Local\Temp
OS=Windows_NT
PROCESSOR_IDENTIFIER=AMD64 Family 23 Model 24 Stepping 1, AuthenticAMD
TMP=C:\Users\fabri\AppData\Local\Temp
TEMP=C:\Users\fabri\AppData\Local\Temp




Periodic native trim disabled

JNI global refs:
JNI global refs: 21, weak refs: 0

JNI global refs memory usage: 835, weak refs: 833

Process memory usage:
Resident Set Size: 87516K (0% of 10427212K total physical memory with 757516K free physical memory)

OOME stack traces (most recent first):
Classloader memory used:
Loader bootstrap                                                                       : 16184K
Loader jdk.internal.loader.ClassLoaders$PlatformClassLoader                            : 1896K
Loader jdk.internal.loader.ClassLoaders$AppClassLoader                                 : 16456B

---------------  S Y S T E M  ---------------

OS:
 Windows 11 , 64 bit Build 22621 (10.0.22621.3958)
OS uptime: 3 days 3:36 hours

CPU: total 8 (initial active 8) (8 cores per cpu, 2 threads per core) family 23 model 24 stepping 1 microcode 0x0, cx8, cmov, fxsr, ht, mmx, 3dnowpref, sse, sse2, sse3, ssse3, sse4a, sse4.1, sse4.2, popcnt, lzcnt, tsc, tscinvbit, avx, avx2, aes, clmul, bmi1, bmi2, adx, sha, fma, vzeroupper, clflush, clflushopt, rdtscp, f16c
Processor Information for all 8 processors :
  Max Mhz: 2100, Current Mhz: 2100, Mhz Limit: 2100

Memory: 4k page, system-wide physical 10182M (739M free)
TotalPageFile size 36192M (AvailPageFile size 13M)
current process WorkingSet (physical memory assigned to process): 85M, peak: 85M
current process commit charge ("private bytes"): 266M, peak: 268M

vm_info: OpenJDK 64-Bit Server VM (21.0.3+13-b509.11) for windows-amd64 JRE (21.0.3+13-b509.11), built on 2024-08-12 by "builduser" with MS VC++ 16.10 / 16.11 (VS2019)

END.
